==1062== Memcheck, a memory error detector
==1062== Copyright (C) 2002-2017, and GNU GPL'd, by Julian Seward et al.
==1062== Using Valgrind-3.18.1 and LibVEX; rerun with -h for copyright info
==1062== Command: ./hangman
==1062== Parent PID: 1031
==1062== 
==1062== 
==1062== HEAP SUMMARY:
==1062==     in use at exit: 352 bytes in 18 blocks
==1062==   total heap usage: 110 allocs, 92 frees, 17,992 bytes allocated
==1062== 
==1062== 62 (32 direct, 30 indirect) bytes in 1 blocks are definitely lost in loss record 2 of 5
==1062==    at 0x4848899: malloc (in /usr/libexec/valgrind/vgpreload_memcheck-amd64-linux.so)
==1062==    by 0x1097DD: split (split.c:64)
==1062==    by 0x10AEFA: hangman (hangman.c:110)
==1062==    by 0x109592: main (main.c:26)
==1062== 
==1062== 290 (16 direct, 274 indirect) bytes in 1 blocks are definitely lost in loss record 5 of 5
==1062==    at 0x4848899: malloc (in /usr/libexec/valgrind/vgpreload_memcheck-amd64-linux.so)
==1062==    by 0x109AA6: createNode (listChain.c:9)
==1062==    by 0x109B17: push (listChain.c:22)
==1062==    by 0x10A595: readFileDirectory (readFile.c:68)
==1062==    by 0x10AEC4: hangman (hangman.c:107)
==1062==    by 0x109592: main (main.c:26)
==1062== 
==1062== LEAK SUMMARY:
==1062==    definitely lost: 48 bytes in 2 blocks
==1062==    indirectly lost: 304 bytes in 16 blocks
==1062==      possibly lost: 0 bytes in 0 blocks
==1062==    still reachable: 0 bytes in 0 blocks
==1062==         suppressed: 0 bytes in 0 blocks
==1062== 
==1062== For lists of detected and suppressed errors, rerun with: -s
==1062== ERROR SUMMARY: 2 errors from 2 contexts (suppressed: 0 from 0)
